         1.11791        -1.73368        0.919056
         1.68837        0.364238        -1.37365
        -2.03354        0.253619       -0.124305
        0.833069       -0.345022        0.536838
       -0.493717        0.672107          1.1736
        0.825718        -0.10173       -0.053079
        -1.22404        0.157523         1.31366
          2.2082        0.845286        -1.32182
        0.891192        0.389259        -0.10809
       -0.072931       -0.235925       -0.466735
         2.47406        0.705481         0.15801
        0.262416       -0.702436         2.25973
        0.828135        0.415605         1.54165
        0.125115        0.225038         1.20506
         1.41576        0.743631       -0.590991
        -1.57131         1.72496        0.710913
        -1.36702       -0.148767        -1.47842
       -0.293185        0.222838         1.30829
        0.373564        0.282342        -1.91247
        -1.35646        0.549253       -0.497314
        0.644915      -0.0715074        -1.46412
        -1.79281       -0.204421         1.02254
       -0.890074        0.750408        -0.39788
       -0.129096       -0.621358       -0.168366
        -2.13977       -0.187057       -0.837231
        -1.42674        0.891356         1.26128
        0.531064        -1.17532       -0.624869
         0.95663          -1.447           -1.47
       -0.162246         1.08721        0.710521
         1.86902        0.722144         1.72809
        0.547326        -0.41017       -0.251231
       -0.416601        0.367697       -0.510224
        0.956612        0.724015       -0.152224
       -0.643489       -0.871354        0.890326
        -1.14659         3.08492        -0.85684
        0.786502        -1.21296        0.942595
        -2.05564         2.18719       0.0117227
        -1.04059          0.2804        0.249213
        0.139094       -0.918967        0.615958
       0.0137495       -0.928901       -0.594851
        -0.15963        0.377591       -0.461576
       -0.169403         1.28912        0.725128
        -1.08787        0.219534      -0.0527161
        0.629161       -0.864254      -0.0510362
        0.718491        0.732402       -0.636878
      0.00915422        0.181401        0.672933
         1.39022        -1.18793        -0.16889
        0.887947       -0.359266        -1.11981
        0.181258        0.692147       -0.521494
        0.581877      -0.0121399       -0.350133
         3.15235         -2.5348        0.389232
         2.50131        0.127641       -0.464001
        0.639704        -2.75269       -0.098448
        0.683519         1.58071        0.769931
        -1.69796       0.0313425         1.56145
       -0.515079        0.543723       -0.180209
        -1.34644        -2.56474      -0.0465107
        0.998712       -0.640403       0.0225833
         3.66414       -0.223992        0.897788
       -0.491716        -1.52133        -1.55283
        -1.07329        0.921324        0.600901
        -1.62031        -1.39671        -1.34558
        0.259923       -0.730714        -1.21301
        0.416445         0.64515        0.350882
       -0.357488       -0.134785         2.55426
        0.359394         1.92057         1.22761
        0.461368       -0.771135        -1.14274
        -1.00263        0.632883        -0.35232
      -0.0856513       -0.483595       -0.566655
        -0.19827       -0.463101        0.750816
         1.03819       -0.814011         -1.3235
         -1.3847        -1.72829       -0.491106
       -0.139209        -1.11624         -1.1331
        0.277368       -0.159228         1.88733
       -0.626661       -0.146587        0.175168
         -1.3353          1.1312       -0.606221
         3.13844        -2.51147        -2.25096
         0.50891      -0.0292635        0.453693
       -0.993285      -0.0674043       -0.558435
        -0.40991       -0.272972       0.0568984
       -0.465245        0.200539        0.593314
        0.165231         1.32319       -0.288319
        -2.30278         1.02645        0.412134
       0.0453499          1.0916        -1.16228
         -1.0696         1.96455         1.70885
       -0.185815       -0.700088        0.323926
        0.116638        0.338033       -0.390429
        -2.16563         -2.8742        0.365577
        -1.31353       -0.659541       -0.535475
        0.499826       -0.831638         1.65119
        0.142906      -0.0228902        0.774069
       -0.476337         2.85308          1.1906
        0.368901       -0.045151        -0.13149
       -0.676233         -1.5626        0.060172
      0.00190815        -1.45335        0.768281
        -1.02649       0.0995628       -0.546621
        -1.64925        -1.66394      -0.0107087
         1.12936       -0.031135       0.0529323
         1.07443        0.295869        -1.20698
         1.27511       -0.197773       -0.577757
        -1.25336         2.32274       -0.211671
        0.180863         1.86979        0.405803
        0.274642       -0.874334        0.959039
       -0.305459        0.881067        0.612844
        0.610829       -0.320881       -0.767901
       -0.107966         2.66963        -0.47911
        -0.59484       -0.250137        -1.76567
         0.67087        0.681938        -1.51713
