       -0.263611        0.290533        -1.27725
       -0.377146        0.320794        -1.67473
       -0.725225       -0.050513       0.0269584
         0.47028       -0.903889       -0.525066
       -0.508108        -1.00301       -0.962007
        0.636541        -0.44264         1.83384
       -0.689423        -1.04894       0.0692137
       -0.727597       -0.929762        -1.03828
       -0.568782       -0.739108         1.43339
       -0.270927      -0.0151088       -0.767724
       -0.432396       0.0487768        0.161677
       -0.971217       -0.618113      -0.0692669
        0.263088       0.0592935         1.86509
         1.46318        0.168373         2.13633
        -1.14362        0.683048        0.230102
       -0.260646       -0.645322       -0.247795
          1.2584        0.233253        0.116159
       0.0226964       -0.376846         1.42333
        -1.36425        -1.89687       -0.563182
         0.90054        -1.01129        0.620856
      -0.0912818       -0.469015       -0.900685
        -1.15408         2.06188       -0.118299
        0.383168        0.476807       -0.274999
         1.35772         1.14362        0.631603
        0.426582        -1.34602       -0.970221
       -0.602161         1.09904       -0.370768
        0.712053        0.725302        -1.95219
         -1.1031         1.19805        -0.24228
       -0.612661       -0.860053        0.791054
       -0.518966       -0.997557        0.565111
        0.611532        0.693076        -2.03969
        0.537035        0.566202        -1.04535
       -0.417516        -1.41996        0.489888
         1.14347        0.410785        0.339472
         1.49262       -0.548195       -0.613393
       0.0663761        0.201383       -0.941061
        0.635918         0.49515        -0.50746
        0.477309        0.480262        -0.73813
       -0.669561        -1.43015        0.482457
         -1.4988        0.886436       -0.267772
        -1.31195         2.62554       -0.544762
       0.0134566        0.645737        -1.37064
       -0.480481         1.48085       -0.489493
        0.207734       -0.247131        -1.46777
        0.511709       -0.355358       -0.647877
        0.930848         -1.0578        0.283294
        0.507113       -0.754628        -1.13436
        -1.20777      -0.0634199        -1.63754
         1.53193         2.01915         1.46234
      -0.0797438        -1.39098         1.23632
         1.27443        0.471924         1.39737
       -0.167354       -0.751415        -1.11289
       -0.108631        -1.12852        0.377187
        -1.91305        -0.06491         1.72205
       -0.243825       -0.847852         0.87549
       -0.969895      -0.0475921       -0.937977
       -0.223263       -0.740843        0.834885
       0.0228927        -1.21021       -0.461093
       -0.279338        -1.32103        -1.08267
      0.00872379         1.98434        0.205391
         1.37336        0.170541       -0.661369
        0.540497       -0.175789         1.21451
        0.432578        -1.08645        0.927574
         1.16141         1.12032        0.205722
         1.28298      -0.0822124         0.26566
        -1.03294         1.41297        -1.43997
       -0.081137      -0.0837323         1.21733
        -1.65641        0.055835        0.180666
       -0.402618         1.11375       -0.307424
        0.483762        0.514935        0.667211
        0.244971       -0.225337       -0.796289
        0.853482        0.148618       -0.108632
        -1.50723        0.449422         0.67438
        -1.60137       -0.926428        0.260514
         1.45142        -1.74065       -0.977524
        -1.53661       -0.943423      -0.0516019
       -0.532314         1.25079        0.615543
       -0.983189       -0.376386         1.99238
        -1.17614       -0.536356       -0.147195
        0.269925        0.196182        0.817007
       0.0936704        0.308534         1.44182
       -0.531512        0.226458       -0.461284
        0.998922       -0.788832       -0.154264
       0.0100816        0.267277       -0.780574
        0.882442      -0.0141336        0.661753
        0.711977        0.334662       -0.242169
        0.162848        0.329834       -0.347941
         1.13181         1.27407         1.28206
        0.450767        0.728469         1.09883
         1.14243       0.0334726       -0.283594
       -0.244749        0.313855       -0.751854
       0.0521323        -0.39926         -0.4532
        0.273182        -0.76617       0.0445611
         0.16137        0.503714         -1.0577
       -0.831047        -1.61688       -0.797435
        0.350762         0.78437        -1.03808
         0.36113        0.445198         1.02658
        -0.59791        -0.98908       -0.654636
        0.383691         0.51732         1.92486
       -0.928556        0.859566        -1.03429
        0.256526         1.69345        0.709104
         1.33596        -1.09011         2.21488
       -0.472041       -0.728292        -1.13001
         2.55013         2.34603        0.222641
       0.0984325       -0.178861       -0.267602
       -0.858909         1.87505        0.609406
       -0.189362       0.0821046       0.0401081
       -0.249586        -1.34396         1.01333
