         -1.1886       -0.133935         1.40594
       -0.472964       -0.868263        -1.40283
       -0.324012          1.6487        -1.97064
       -0.984157       -0.975099        0.184419
       -0.772687         1.47836        0.510513
         1.39226        0.563742       -0.153068
        0.764109         -1.4734        0.737053
      -0.0558803       -0.985664        -1.39747
       -0.403003        0.284823         1.42458
       -0.654475        -2.04831       -0.743986
       -0.140887        0.783796        -2.79598
         1.37148        0.401549         1.33508
        0.515485       -0.133528         1.39141
        0.735486        -2.13264        0.688088
        -1.14936       -0.914088        0.110933
        -1.24261         1.56306        0.150689
       -0.881039       -0.382859        0.144282
         -1.4288       -0.168173       -0.556453
       -0.327865        0.909365        -1.27465
        0.291641         1.06917       -0.780008
        -1.34034        0.509367        -1.48152
        0.729871        -1.07649       -0.991183
        -1.73964        0.964506        0.782201
        0.320609       -0.357693       -0.308738
       -0.774069       -0.331876        0.127032
        0.883129       -0.981496         2.43923
       -0.769384         -1.3387       -0.122892
        -1.86155         0.49445       -0.432029
       -0.869261       -0.126805       -0.470453
       -0.810569       -0.229766       -0.994129
       -0.913016         1.82671        -0.75072
        0.967802        -1.22697     -0.00257861
        -1.41455        0.332368         1.11941
        0.539398        0.238061       -0.423477
       -0.119428        -0.39258         2.08031
        -0.14167       -0.124307        -1.21416
       0.0473764        -1.38159         3.38572
        -0.82178         -0.3433        0.865596
        0.554269        -2.04514        0.350126
          1.5418        0.374602         2.00701
         1.12874       -0.197452        -1.28285
       -0.200842        0.451217       0.0327417
        0.333088       -0.255692       -0.347022
         3.11089       -0.556646        0.265316
         1.30591       -0.304814        0.730442
        0.434479        0.521325         0.94699
         2.32269       -0.812651      -0.0878456
        -0.52369      0.00993659        0.713046
       -0.338145        0.172969        0.196277
         1.76165        0.550256        -1.01754
         1.30127         2.13853      -0.0604742
       -0.396584        0.514604        -1.59524
        0.410291        0.817457        -1.11007
         1.30505        0.193953        0.906965
         1.31744        0.282924        -1.36812
        0.127108        0.993817         -1.1683
        -1.01942        0.793847         2.47906
        -1.57885       -0.535637        -1.43269
        -1.06454        -1.13419       -0.631001
         1.29443         1.63477        -1.02218
        -0.55847       -0.517308        -1.63698
        0.870033       -0.277408         1.16991
           -1.72        -1.82147        -1.64751
         0.49587        0.252172        -1.40143
        0.677384       -0.392455        0.223483
          1.3528         1.90931      -0.0482572
        0.342333      -0.0569757        -1.27884
        -1.51405        -1.13282        -1.48332
       -0.248701        -1.75811         2.03804
       -0.130649       -0.781776        0.363923
       -0.508256       -0.168717       -0.861434
        0.898022         1.00251        -0.17145
        0.041184        -1.09503        0.827831
        0.809469       -0.106455       -0.823565
        0.195466       -0.422659         1.40895
       -0.662644       -0.680895        0.599004
       -0.949286        -1.27127         1.47447
       -0.258526       -0.397556       -0.325013
       -0.832802     -0.00574167        0.846348
        0.106464         2.13292        -0.53091
         1.29315        -1.16816       -0.202844
         0.24402         1.71507         1.39526
        -0.61082       0.0742402        0.153672
        0.127906       -0.928041       -0.261982
       -0.104605        0.617333        0.194758
        0.637393        0.663132         1.44025
         1.49348        0.260687         1.02432
        0.447021         1.09917        -1.54086
       -0.247917        0.509085         3.04928
         1.60035        -1.08419       0.0427099
         2.11422         1.35736       -0.207541
        -1.15279        0.202599        -1.82136
         1.23404        0.722047       -0.274383
        -1.78043        0.903356       -0.495436
       -0.365605       -0.519761        0.348211
         1.02691       0.0358241         1.06993
       -0.911436       -0.335837       -0.150208
        -1.74753        0.605843        0.262392
       -0.418152         0.94528        -1.11712
       -0.229024         1.36895          2.0714
         1.35265       -0.529637       -0.270068
       -0.395018        0.171469        0.755611
         1.37564        -1.07881        -1.00528
        -2.80101         1.53553         1.35874
        0.214883       -0.275282        0.545264
        0.356848        0.687959        0.220029
       -0.570856       -0.815029        -1.64464
       -0.673048        0.301044        -1.80351
