       -0.902218        -1.42642        0.634227
       -0.699167        -1.43887      0.00786989
        0.685423       -0.628829        0.714872
       0.0286437        0.868756        0.246792
       -0.551088       -0.476259        0.188089
        -1.27662       -0.235339        -1.25639
        0.140929         1.05848        -1.99285
       -0.728946      -0.0757988         2.44475
        -1.08976         1.48009         2.00375
         1.95256        -1.17956        -1.79416
        0.997838         0.19247        0.140467
        0.713163        0.621379         1.49244
       -0.165557       -0.655587        -1.13361
        0.362165        -1.06211        0.819112
        -1.69868       -0.168466        -2.52884
         1.39049       -0.194403        -1.34615
        -0.18476        0.898168       -0.020145
        -1.16532        0.293556        0.143811
        -1.49953        -0.83262        -1.17006
       -0.770538        0.781773      -0.0209661
        -2.22527       -0.442275        0.170727
          1.4582        0.721855         1.84638
         1.45121         1.32728        0.519163
        0.744643         1.32099         1.51815
         1.01668        -2.36913        0.504741
        -1.90213         0.49659        0.209732
       -0.978459      -0.0486462        0.578473
         2.05696       0.0277543        0.832259
          1.1033        0.554994        0.976046
         1.27184        -2.20412        0.300538
        -1.31003        -2.11635       -0.509781
        0.743165        0.956614        -1.10956
        0.063659         -3.3472         1.22193
        0.200815        -1.64488       -0.275796
         1.79519         0.25279        -1.65946
       -0.670319         1.11362        -1.45883
         1.51621       -0.598585         1.48396
       -0.428365         1.07141        0.861683
          1.5024        -1.27542        0.525097
        -2.16852        0.412781         1.99731
         2.63886        0.250123        -2.26543
       -0.511056       0.0578894        -2.12795
       -0.623205       -0.448115        0.992269
       -0.272925       -0.592012         2.29051
       0.0624147        -2.27731        -1.34526
        -1.08045        0.546436         1.22554
        -1.88312        0.399319        0.104511
        0.364902         1.19684        0.473205
       -0.187978       -0.252904        0.311528
        0.550518          1.4838         1.88991
         2.91013       -0.688413        0.613122
         1.04712        -0.83944        -0.94338
        -3.24157         1.44741         1.71315
        -1.11581       -0.522393        -1.16061
        0.411229         1.55267       -0.630233
       -0.536777         1.30801        0.142484
         1.82343       -0.651005         1.32943
       -0.761758         1.88793        0.691516
       -0.295563         2.97877       -0.242254
        -1.00337        0.201222       -0.527919
        -0.31542        -1.67355        0.640821
         0.21395         -2.7808       -0.312374
      -0.0670135        0.261857       -0.139888
         1.25643         1.34394       0.0163525
      0.00671321        0.362566        0.231384
        0.985922         1.84362       -0.842924
        -2.09317        0.358575        -3.49882
         1.11773         1.88668         1.18007
       -0.134573         1.86047        0.626715
        0.931825        0.316195       -0.466362
        0.370484        -2.26421       0.0555216
       -0.348283        0.211497         1.39655
      -0.0313266        -1.79411         1.44025
       -0.318441        -1.03889      -0.0311813
      -0.0643084       -0.303536         1.05846
       -0.838782        0.339591        0.115861
        -1.10038        0.707233        -0.53492
         1.37046        0.328707        0.165274
       -0.894892       -0.136671        -1.69478
       -0.176193        0.371835        -1.82184
       -0.403847        0.670225        -1.72979
          0.3144      -0.0515814        0.393134
        0.394614        -1.15052        -1.09856
       -0.851048         3.48263        0.796655
        -1.28509        -1.57993        0.216332
         1.31236       -0.781132       -0.712958
        0.627929       -0.297226        0.769658
        -1.17442         1.19689        0.809345
       -0.342415        -1.76972         1.24553
       -0.680934       0.0218493       -0.131082
        -1.70344        0.965869        0.159344
        -0.31298        0.749057       -0.860784
         2.51415        0.175929        -1.97001
       -0.374439         1.34166        0.412367
        0.801368     -0.00539549       -0.591824
        0.211934        0.929818        0.868128
        -0.15284        0.056208      0.00165574
       -0.167443       -0.427887        0.257078
       -0.471161        0.615585       -0.735186
         1.88879        -1.97073         0.46126
       -0.496492       -0.810603       -0.947933
        -0.24993        0.339262       -0.934577
      -0.0771268        -0.12069         1.13794
       -0.108837        0.935079        -1.80894
        0.856583        -1.89865       0.0892308
         1.20578       -0.226273      -0.0736041
        0.620093      -0.0457582        -1.26045
       -0.841539        0.385697       -0.986026
