          1.7263        0.467802       -0.263382
       -0.124425         1.33011         1.08357
        0.509912         1.37803        0.419813
        0.542596       -0.473695        0.106767
        -1.16814        0.835704        0.798195
       -0.117753      -0.0357184       -0.251457
        0.786507        0.942403       -0.201835
         1.19472        0.320951        0.403391
        0.610473        0.831009        -1.37682
        0.625449         1.25241        -0.73152
        0.134343      -0.0389947         -1.8942
      -0.0706533        0.514926       0.0304798
       -0.342344        0.443005         1.16391
       -0.246773        -1.60657       -0.490049
         1.83805         1.04368         1.21474
        0.125412        0.632083       -0.660703
        -0.55802       -0.470689        -2.08278
        0.203597        -1.20896       -0.360382
         0.88817       0.0412028         1.41841
        -0.43142        0.353758        0.740557
        0.120564        -0.81092      -0.0395756
        0.504083        -1.81091        -1.50109
        0.194331       -0.784131         2.19947
         0.40115       0.0822288        -1.53526
       0.0320199         1.09336        0.914863
       -0.467844        0.507047        -1.85785
        -1.02644       -0.318239        -1.38856
       -0.208927        -1.62526       -0.229438
         0.65191        0.273404        -1.04419
       -0.427544       -0.469156         0.88594
        0.810027        0.853315       -0.398709
         0.42289       -0.263287         1.00671
        0.463841        0.134397       0.0491383
       -0.475246        -1.10792        -1.05061
        0.353202       -0.371886       -0.365533
       -0.270723       -0.595364         1.15856
       -0.201339        0.200606        0.434656
        0.432977        -2.62864        0.401623
        -0.84766        0.620163       -0.754325
        0.654058         1.28436        -1.07154
     -0.00555117         1.31662        0.304913
        0.274366       -0.533555       -0.986939
         1.64777        0.146308        0.949845
        0.440899       -0.547447       -0.561873
        0.682696       -0.336494       -0.744605
         1.88783        0.724347        0.527021
       -0.761482        0.592543       -0.397403
        -0.33956        -1.67101        0.451783
        -1.09562         1.85238        0.679661
         1.05981       -0.065444       -0.199035
        -1.05534       -0.244377         1.23385
        -1.33384        0.314214          -1.442
        -1.56247        -1.86376        -1.19704
        -1.27179       -0.202626         1.10149
        0.934472        -1.14237        0.615316
       -0.522136         0.47616       -0.363557
       -0.179546        0.398771         -1.5134
        0.922148        0.254295        0.233131
       -0.530919        -1.06856       -0.649659
       -0.320837       -0.154829        -0.40654
       -0.877381        0.739345          -1.929
        0.966934       -0.768059        0.491742
        0.418052         1.49378       -0.397053
       -0.369011       -0.328031       0.0584778
       -0.767184        -0.79836       -0.105917
        -1.07911        0.970404        0.455014
        0.992098        -1.41765         1.01712
         0.82781        0.461526        0.320714
         1.08024        -2.39084       0.0985364
        0.112237       -0.613536       -0.235892
        0.124846       -0.260494       -0.849031
        -1.05148       -0.593204         1.37649
       -0.431436       -0.046122        -1.24681
        0.189874       -0.776972        0.341446
       0.0856771       -0.620032         1.87677
        0.656873         1.41925        0.095758
        -1.02375         1.02322       -0.638277
        0.334592         2.21107        -1.47375
        -1.25805        0.522997         1.99112
        0.382744        -1.32721        0.979818
        -1.07066       -0.200157        0.591137
        -1.38867         0.56485       -0.716384
      0.00608339         1.11319         1.67565
        0.575198         -1.2566        -1.05245
        -1.45728        0.519962      -0.0340802
        0.106368       -0.203842       -0.393376
        0.928224       -0.409086       -0.342959
        0.655004       -0.132437        -0.32065
       -0.961192         1.63091       0.0538278
         1.23338         1.55894         1.26731
       -0.778072       -0.327871        0.076223
         1.09636         1.05085         1.63829
       -0.824571        0.754549         2.02355
        -1.40776        0.274831       -0.427521
          1.1663        -1.21515       -0.158766
        0.975718        0.872984       -0.758852
        0.129474         1.26099       -0.323404
        -0.39867        -1.67603        0.570872
       -0.900583        0.167443       -0.794828
       -0.771268       -0.512553         0.75705
         0.48153        -1.47001        0.286815
       -0.791141        0.485619         1.76642
       -0.349041        -1.47821       -0.181889
        0.672299        0.790822       -0.610585
        -1.19484        0.523248        -1.04452
       -0.450111       -0.360768         1.20725
       -0.516131       -0.158302       -0.146154
       -0.192757       -0.130024        0.648828
