        0.857416        -2.29284       -0.105235
        0.327849         1.59638       -0.177541
        -2.32556       -0.610024       -0.027535
        0.578015       -0.837531        -2.12869
       -0.269356        -2.22564        -1.67487
         -2.0805        0.121954        0.199606
         0.47987        -1.37211       -0.619956
         1.36711       -0.878568        0.191991
        -1.95295       -0.334743        0.364489
        -1.18548       -0.602061         1.52464
         1.46456        0.281171         1.30147
        -1.71086      -0.0788654        -2.01048
         0.46185         2.19302        -0.36935
        -1.12284        -1.66135        -1.88773
         2.08502        0.283574       -0.810803
       -0.868043        0.210271       -0.367076
       -0.803297        -1.42164       -0.684871
        0.333957       -0.404918       -0.965037
       0.0434952        -1.13295          1.2042
        0.361078        0.267724        0.723451
        -2.83654        -1.25242       -0.229177
       -0.206684        0.245815          1.5831
      -0.0496965        -1.06978       -0.168969
        0.823456        0.475266       -0.239058
         1.71246        -1.05794          2.0012
        0.855496        0.204933         1.47861
       -0.146006        0.474557        -1.46955
        0.353649       -0.135277        -1.12006
        0.603365        0.809374        0.463803
          1.0079         2.66368       -0.896021
         1.20249         -0.4793        0.251607
         1.33549        0.126855         1.04616
         -1.3171       -0.727036        -2.47404
      -0.0367703       -0.552318        0.119329
        0.895775       -0.532902        0.779078
        0.597625        0.562666       0.0526741
       -0.547252       0.0907698       -0.451765
         1.02056      -0.0394933        0.748468
       -0.832168       -0.407731      -0.0945158
        -1.43886       -0.728929        0.125923
       0.0161179         1.18511        0.600413
      -0.0682268       0.0764255       0.0301254
       -0.852137        0.844972         1.77434
        -1.10815        -0.92581        0.118589
        0.500707        -1.72595       0.0718694
         0.36654        0.438613        -1.16877
       -0.539483        0.643777       -0.404773
        0.369147        -0.54963      -0.0304512
        -0.71341         1.29038       -0.233489
       -0.842764         1.07562        -0.54607
        0.283411        0.367972      -0.0370202
        0.710098       -0.657668        -1.54043
       -0.169392        0.950704       -0.434578
        0.118102          0.3556       -0.216574
        0.475295       0.0453081       -0.289295
        -1.68992       -0.646248        -1.50324
        -1.13152        0.112661         1.22877
         1.48471       -0.730894       -0.192434
       -0.144965        -1.21432        0.503061
         1.07573        0.771054        0.156785
        0.434112         1.07451         0.74267
       -0.496375       -0.218652        0.410425
        -2.52262        0.842154       -0.199764
         1.80275        0.140152        -1.19791
         1.01235        -1.30644        0.710482
         1.31574        0.321515      -0.0852845
        -0.29232       -0.566168         1.75991
        0.234341      -0.0763453        0.515112
        0.169869         0.91901       -0.429283
        0.951232         1.92809       -0.831247
      0.00791433         0.91078       -0.760122
       -0.619674       -0.996423       0.0795095
        0.958323        0.540856       -0.583961
        -1.22142        0.345363           1.233
        0.225549       -0.172524        0.457029
        0.208931          1.5032        0.930172
        0.322893       -0.257178          1.4984
        -2.34824         3.22352       -0.110202
       -0.134604        -1.80458         1.64567
        0.361742         -2.2421       0.0749447
         1.92668         -1.1936        0.220048
         1.24358        -1.59034       -0.272922
        0.890613      -0.0884973        0.797017
       -0.457877       0.0708427       -0.682537
       -0.837208       -0.411889        -1.37041
        0.425241        0.329585         1.61927
        0.605834        0.870829      -0.0420159
       -0.332367        0.856501         1.78667
       -0.653682        -0.38636        -1.82526
       -0.661784      -0.0729502         1.51781
       -0.393909        -1.39999       -0.904974
        -0.22338        -1.90428        0.616328
       -0.309444       -0.673057       -0.268405
        0.788643         3.06885      -0.0338551
        0.292396       -0.451707       -0.703678
        -1.45166          1.0492         1.41587
       -0.635437       -0.115175       -0.570171
       -0.874089        0.976818       -0.802973
          1.1082       0.0578369        0.591472
       -0.785058         1.49668        -1.65084
        0.335267        -1.51722         2.52883
         1.44775        0.475897         -2.3569
       -0.396001         1.96669       -0.277835
        -1.06243         1.24128       -0.725071
        0.854463       -0.430305        0.874386
        0.711257        0.227088          1.8191
        0.532532         0.34937        0.413923
        0.362945         1.60984       -0.646735
