        -1.05283         2.21028        0.538341
        -0.38976        0.492327         1.02156
       -0.133454        -1.44181       0.0906801
         -2.4219        -1.78105        -2.53191
        0.487517         1.64553       -0.204708
        -2.27773       0.0223268         1.15976
        -0.52661        0.598297         1.71568
       -0.254201       -0.777789        -1.24544
        -1.34134       -0.282666         0.11387
        0.771104       -0.412241         0.51771
         -1.8429       -0.279799       -0.105864
         1.42698        0.963801         0.90215
       0.0651328         1.52342         0.58039
        0.557224        -1.47149       -0.549365
        0.620867        0.250853       -0.292473
       -0.830239       0.0204125        0.983599
        -1.20284        0.323742       0.0465868
        0.169048         1.75166       -0.403106
       -0.265698         1.66302        -2.97958
        -2.40654         1.45258       -0.398248
       0.0192717        0.840235         1.32374
        -1.14986        0.531036         1.02279
        0.648602       0.0285337        0.192306
        -0.14427       -0.678551       -0.131291
       -0.238168       -0.502899       -0.819066
        0.474982        -1.14226        0.419756
         1.24516        0.610602        0.270271
        0.189005        0.735453       -0.618982
        -1.22848       -0.100723         1.52943
         1.27916       -0.772833       -0.277845
        -0.63914       -0.121194        -1.30898
        0.901982       -0.220095        -1.49893
         2.65315        -1.47205        -1.83597
        0.516889         1.79559        -1.19762
       -0.870942        0.301056        -0.23121
         1.40237       -0.575055        0.562143
       -0.685052        -1.30703         1.87752
        0.782858        0.376038       -0.620476
         0.71887         1.12758      -0.0593895
        -1.66145       0.0857543       -0.456994
        -1.32943        0.349648        0.874058
       -0.360082         2.31014        -1.20023
         1.65453        0.538055         2.50225
        0.679321     -0.00707955          1.6614
         -1.2746        0.626908        -2.30033
        -1.32314        0.738836        0.814608
        0.849091         1.03144         1.44414
         1.98733        0.987282        0.899122
       -0.767829        0.180599        0.790112
       -0.736912       -0.773657      -0.0486984
        0.368933         0.30535        -1.47321
       -0.503482       -0.664124        0.886827
        -2.61047       -0.212779         -1.2213
         1.45764      -0.0815857        0.631701
        -1.25345      -0.0703714        0.486028
         1.20985        0.419389        -1.30378
        -0.48742        -1.07419        -0.41817
         -1.2575         1.71366          2.0178
        0.188326        -1.22794       -0.360528
        -0.23741       -0.107664        -1.38498
        0.315802       0.0770043       -0.167024
       -0.846746         1.70945        0.210655
         1.46416        0.927859        -1.15031
        0.493733       -0.263707        0.270888
        0.484018         1.15742         -1.2489
         1.06451        0.382265         2.05156
        0.863527       -0.183353        0.449895
          1.1053      -0.0453447         1.40316
        0.323491       -0.087115        0.957697
        0.277091        -0.30562        -0.34569
       -0.163713         2.26444        -2.40876
         1.00187        -1.71245         1.36477
       -0.942977         0.99603        -1.58117
        -1.19092        -1.84955        -1.32542
       -0.121962         1.52067       -0.149378
      -0.0364699        -2.20859       -0.270855
         -2.3722       0.0455879        0.235049
        0.125829        -0.45728       -0.761663
        -1.81355        -1.62762        -2.82666
        -1.26483        0.630894        0.781068
       -0.119265         -2.3139       -0.515605
         0.92309        0.526462       -0.224299
        0.459658         1.79387       -0.342053
        0.796592        0.165996        0.303194
        -2.17289         1.70057        0.305588
       -0.656366        -0.85919       -0.147753
         1.61842        0.570832        0.741695
        0.212779        -1.19551         1.15312
         -1.8473       -0.871946       -0.915708
         0.19595      -0.0866275        -1.46905
         1.25978       -0.544599       -0.292941
        0.312383         1.01805       -0.942681
         1.15712          -3.951        0.903861
       -0.395534        -1.14362        0.893715
         1.84643       -0.282552       -0.559028
         2.03005        -2.28935        0.481698
        0.953689        -2.59181        0.573457
         1.46781        -1.20097       -0.173933
       -0.336762       -0.536063        0.657662
        0.687844        0.778833       -0.226592
        -1.51943        0.235694         1.78032
         2.11021        0.994578        0.558658
        0.771445        -0.93976       0.0164302
         1.47264        0.600376        0.922955
       -0.202284       -0.843874        0.388045
       -0.415216        0.601518       -0.260859
         2.41274       -0.461355       -0.196045
        -1.40962       -0.838135         0.69961
